# JRE version: Java(TM) SE Runtime Environment (8.0_60-b27) (build 1.8.0_60-b27)
# Java VM: Java HotSpot(TM) 64-Bit Server VM (25.60-b23 mixed mode linux-amd64 compressed oops)
Heap:
 PSYoungGen      total 28160K, used 7563K [0x0000000781b80000, 0x0000000794d00000, 0x00000007c0000000)
  eden space 27648K, 27% used [0x0000000781b80000,0x00000007822cadb0,0x0000000783680000)
  from space 512K, 18% used [0x0000000794c00000,0x0000000794c18000,0x0000000794c80000)
  to   space 512K, 0% used [0x0000000794c80000,0x0000000794c80000,0x0000000794d00000)
 ParOldGen       total 128512K, used 27599K [0x0000000705200000, 0x000000070cf80000, 0x0000000781b80000)
  object space 128512K, 21% used [0x0000000705200000,0x0000000706cf3f38,0x000000070cf80000)
 Metaspace       used 3553K, capacity 4792K, committed 5120K, reserved 1056768K
  class space    used 354K, capacity 424K, committed 512K, reserved 1048576K
GC Heap History (10 events):
Event: 129,387 GC heap before
{Heap before GC invocations=1437 (full 0):
 PSYoungGen      total 29696K, used 29280K [0x0000000781b80000, 0x0000000794d00000, 0x00000007c0000000)
  eden space 29184K, 100% used [0x0000000781b80000,0x0000000783800000,0x0000000783800000)
  from space 512K, 18% used [0x0000000794c80000,0x0000000794c98000,0x0000000794d00000)
  to   space 512K, 0% used [0x0000000794c00000,0x0000000794c00000,0x0000000794c80000)
 ParOldGen       total 128512K, used 27519K [0x0000000705200000, 0x000000070cf80000, 0x0000000781b80000)
  object space 128512K, 21% used [0x0000000705200000,0x0000000706cdff38,0x000000070cf80000)
 Metaspace       used 3463K, capacity 4728K, committed 4864K, reserved 1056768K
  class space    used 342K, capacity 424K, committed 512K, reserved 1048576K
Event: 129,387 GC heap after
Heap after GC invocations=1437 (full 0):
 PSYoungGen      total 29184K, used 64K [0x0000000781b80000, 0x0000000794d00000, 0x00000007c0000000)
  eden space 28672K, 0% used [0x0000000781b80000,0x0000000781b80000,0x0000000783780000)
  from space 512K, 12% used [0x0000000794c00000,0x0000000794c10000,0x0000000794c80000)
  to   space 512K, 0% used [0x0000000794c80000,0x0000000794c80000,0x0000000794d00000)
 ParOldGen       total 128512K, used 27535K [0x0000000705200000, 0x000000070cf80000, 0x0000000781b80000)
  object space 128512K, 21% used [0x0000000705200000,0x0000000706ce3f38,0x000000070cf80000)
 Metaspace       used 3463K, capacity 4728K, committed 4864K, reserved 1056768K
  class space    used 342K, capacity 424K, committed 512K, reserved 1048576K
}
Event: 129,435 GC heap before
{Heap before GC invocations=1438 (full 0):
 PSYoungGen      total 29184K, used 28736K [0x0000000781b80000, 0x0000000794d00000, 0x00000007c0000000)
  eden space 28672K, 100% used [0x0000000781b80000,0x0000000783780000,0x0000000783780000)
  from space 512K, 12% used [0x0000000794c00000,0x0000000794c10000,0x0000000794c80000)
  to   space 512K, 0% used [0x0000000794c80000,0x0000000794c80000,0x0000000794d00000)
 ParOldGen       total 128512K, used 27535K [0x0000000705200000, 0x000000070cf80000, 0x0000000781b80000)
  object space 128512K, 21% used [0x0000000705200000,0x0000000706ce3f38,0x000000070cf80000)
 Metaspace       used 3463K, capacity 4728K, committed 4864K, reserved 1056768K
  class space    used 342K, capacity 424K, committed 512K, reserved 1048576K
Event: 129,436 GC heap after
Heap after GC invocations=1438 (full 0):
 PSYoungGen      total 28672K, used 96K [0x0000000781b80000, 0x0000000794d00000, 0x00000007c0000000)
  eden space 28160K, 0% used [0x0000000781b80000,0x0000000781b80000,0x0000000783700000)
  from space 512K, 18% used [0x0000000794c80000,0x0000000794c98000,0x0000000794d00000)
  to   space 512K, 0% used [0x0000000794c00000,0x0000000794c00000,0x0000000794c80000)
 ParOldGen       total 128512K, used 27551K [0x0000000705200000, 0x000000070cf80000, 0x0000000781b80000)
  object space 128512K, 21% used [0x0000000705200000,0x0000000706ce7f38,0x000000070cf80000)
 Metaspace       used 3463K, capacity 4728K, committed 4864K, reserved 1056768K
  class space    used 342K, capacity 424K, committed 512K, reserved 1048576K
}
Event: 129,481 GC heap before
{Heap before GC invocations=1439 (full 0):
 PSYoungGen      total 28672K, used 28256K [0x0000000781b80000, 0x0000000794d00000, 0x00000007c0000000)
  eden space 28160K, 100% used [0x0000000781b80000,0x0000000783700000,0x0000000783700000)
  from space 512K, 18% used [0x0000000794c80000,0x0000000794c98000,0x0000000794d00000)
  to   space 512K, 0% used [0x0000000794c00000,0x0000000794c00000,0x0000000794c80000)
 ParOldGen       total 128512K, used 27551K [0x0000000705200000, 0x000000070cf80000, 0x0000000781b80000)
  object space 128512K, 21% used [0x0000000705200000,0x0000000706ce7f38,0x000000070cf80000)
 Metaspace       used 3463K, capacity 4728K, committed 4864K, reserved 1056768K
  class space    used 342K, capacity 424K, committed 512K, reserved 1048576K
Event: 129,481 GC heap after
Heap after GC invocations=1439 (full 0):
 PSYoungGen      total 28160K, used 96K [0x0000000781b80000, 0x0000000794d00000, 0x00000007c0000000)
  eden space 27648K, 0% used [0x0000000781b80000,0x0000000781b80000,0x0000000783680000)
  from space 512K, 18% used [0x0000000794c00000,0x0000000794c18000,0x0000000794c80000)
  to   space 512K, 0% used [0x0000000794c80000,0x0000000794c80000,0x0000000794d00000)
 ParOldGen       total 128512K, used 27567K [0x0000000705200000, 0x000000070cf80000, 0x0000000781b80000)
  object space 128512K, 21% used [0x0000000705200000,0x0000000706cebf38,0x000000070cf80000)
 Metaspace       used 3463K, capacity 4728K, committed 4864K, reserved 1056768K
  class space    used 342K, capacity 424K, committed 512K, reserved 1048576K
}
Event: 129,528 GC heap before
{Heap before GC invocations=1440 (full 0):
 PSYoungGen      total 28160K, used 27744K [0x0000000781b80000, 0x0000000794d00000, 0x00000007c0000000)
  eden space 27648K, 100% used [0x0000000781b80000,0x0000000783680000,0x0000000783680000)
  from space 512K, 18% used [0x0000000794c00000,0x0000000794c18000,0x0000000794c80000)
  to   space 512K, 0% used [0x0000000794c80000,0x0000000794c80000,0x0000000794d00000)
 ParOldGen       total 128512K, used 27567K [0x0000000705200000, 0x000000070cf80000, 0x0000000781b80000)
  object space 128512K, 21% used [0x0000000705200000,0x0000000706cebf38,0x000000070cf80000)
 Metaspace       used 3463K, capacity 4728K, committed 4864K, reserved 1056768K
  class space    used 342K, capacity 424K, committed 512K, reserved 1048576K
Event: 129,528 GC heap after
Heap after GC invocations=1440 (full 0):
 PSYoungGen      total 28160K, used 64K [0x0000000781b80000, 0x0000000794d00000, 0x00000007c0000000)
  eden space 27648K, 0% used [0x0000000781b80000,0x0000000781b80000,0x0000000783680000)
  from space 512K, 12% used [0x0000000794c80000,0x0000000794c90000,0x0000000794d00000)
  to   space 512K, 0% used [0x0000000794c00000,0x0000000794c00000,0x0000000794c80000)
 ParOldGen       total 128512K, used 27583K [0x0000000705200000, 0x000000070cf80000, 0x0000000781b80000)
  object space 128512K, 21% used [0x0000000705200000,0x0000000706ceff38,0x000000070cf80000)
 Metaspace       used 3463K, capacity 4728K, committed 4864K, reserved 1056768K
  class space    used 342K, capacity 424K, committed 512K, reserved 1048576K
}
Event: 129,576 GC heap before
{Heap before GC invocations=1441 (full 0):
 PSYoungGen      total 28160K, used 27712K [0x0000000781b80000, 0x0000000794d00000, 0x00000007c0000000)
  eden space 27648K, 100% used [0x0000000781b80000,0x0000000783680000,0x0000000783680000)
  from space 512K, 12% used [0x0000000794c80000,0x0000000794c90000,0x0000000794d00000)
  to   space 512K, 0% used [0x0000000794c00000,0x0000000794c00000,0x0000000794c80000)
 ParOldGen       total 128512K, used 27583K [0x0000000705200000, 0x000000070cf80000, 0x0000000781b80000)
  object space 128512K, 21% used [0x0000000705200000,0x0000000706ceff38,0x000000070cf80000)
 Metaspace       used 3463K, capacity 4728K, committed 4864K, reserved 1056768K
  class space    used 342K, capacity 424K, committed 512K, reserved 1048576K
Event: 129,577 GC heap after
Heap after GC invocations=1441 (full 0):
 PSYoungGen      total 28160K, used 96K [0x0000000781b80000, 0x0000000794d00000, 0x00000007c0000000)
  eden space 27648K, 0% used [0x0000000781b80000,0x0000000781b80000,0x0000000783680000)
  from space 512K, 18% used [0x0000000794c00000,0x0000000794c18000,0x0000000794c80000)
  to   space 512K, 0% used [0x0000000794c80000,0x0000000794c80000,0x0000000794d00000)
 ParOldGen       total 128512K, used 27599K [0x0000000705200000, 0x000000070cf80000, 0x0000000781b80000)
  object space 128512K, 21% used [0x0000000705200000,0x0000000706cf3f38,0x000000070cf80000)
 Metaspace       used 3463K, capacity 4728K, committed 4864K, reserved 1056768K
  class space    used 342K, capacity 424K, committed 512K, reserved 1048576K
}

